1475 [background-preinit] INFO  o.h.validator.internal.util.Version Ц HV000001: Hibernate Validator 8.0.1.Final
1579 [main] INFO  r.H.task22.Task22Application Ц Starting Task22Application using Java 17.0.8 with PID 17096 (C:\Users\041\Desktop\”чЄба\4_семестр\Java\JavaPatternTasks\src\ru\HollowKaeden\task22\build\classes\java\main started by 041 in C:\Users\041\Desktop\”чЄба\4_семестр\Java\JavaPatternTasks\src\ru\HollowKaeden\task22)
1579 [main] INFO  r.H.task22.Task22Application Ц No active profile set, falling back to 1 default profile: "default"
4123 [main] INFO  o.s.d.r.c.RepositoryConfigurationDelegate Ц Bootstrapping Spring Data JPA repositories in DEFAULT mode.
4255 [main] INFO  o.s.d.r.c.RepositoryConfigurationDelegate Ц Finished Spring Data repository scanning in 110 ms. Found 2 JPA repository interfaces.
5845 [main] INFO  o.s.b.w.e.tomcat.TomcatWebServer Ц Tomcat initialized with port 8080 (http)
5870 [main] INFO  o.a.coyote.http11.Http11NioProtocol Ц Initializing ProtocolHandler ["http-nio-8080"]
5874 [main] INFO  o.a.catalina.core.StandardService Ц Starting service [Tomcat]
5875 [main] INFO  o.a.catalina.core.StandardEngine Ц Starting Servlet engine: [Apache Tomcat/10.1.20]
6015 [main] INFO  o.a.c.c.C.[Tomcat].[localhost].[/] Ц Initializing Spring embedded WebApplicationContext
6015 [main] INFO  o.s.b.w.s.c.ServletWebServerApplicationContext Ц Root WebApplicationContext: initialization completed in 4346 ms
6550 [main] INFO  com.zaxxer.hikari.HikariDataSource Ц HikariPool-1 - Starting...
6928 [main] INFO  com.zaxxer.hikari.pool.HikariPool Ц HikariPool-1 - Added connection org.postgresql.jdbc.PgConnection@1857fe6c
6932 [main] INFO  com.zaxxer.hikari.HikariDataSource Ц HikariPool-1 - Start completed.
7025 [main] INFO  o.h.jpa.internal.util.LogHelper Ц HHH000204: Processing PersistenceUnitInfo [name: default]
7209 [main] INFO  org.hibernate.Version Ц HHH000412: Hibernate ORM core version 6.4.4.Final
7307 [main] INFO  o.h.c.i.RegionFactoryInitiator Ц HHH000026: Second-level cache disabled
7915 [main] INFO  o.s.o.j.p.SpringPersistenceUnitInfo Ц No LoadTimeWeaver setup: ignoring JPA class transformer
9996 [main] INFO  o.h.e.t.j.p.i.JtaPlatformInitiator Ц HHH000489: No JTA platform available (set 'hibernate.transaction.jta.platform' to enable JTA platform integration)
10170 [main] INFO  o.s.o.j.LocalContainerEntityManagerFactoryBean Ц Initialized JPA EntityManagerFactory for persistence unit 'default'
10650 [main] INFO  r.H.task22.service.AuthorService Ц Created author repository
10770 [main] INFO  r.H.task22.service.BookService Ц Created book repository
11062 [main] WARN  o.s.b.a.o.j.JpaBaseConfiguration$JpaWebConfiguration Ц spring.jpa.open-in-view is enabled by default. Therefore, database queries may be performed during view rendering. Explicitly configure spring.jpa.open-in-view to disable this warning
12375 [main] INFO  o.s.b.a.e.web.EndpointLinksResolver Ц Exposing 13 endpoint(s) beneath base path '/actuator'
12530 [main] INFO  o.a.coyote.http11.Http11NioProtocol Ц Starting ProtocolHandler ["http-nio-8080"]
12570 [main] INFO  o.s.b.w.e.tomcat.TomcatWebServer Ц Tomcat started on port 8080 (http) with context path ''
12598 [main] INFO  r.H.task22.Task22Application Ц Started Task22Application in 11.832 seconds (process running for 13.147)
1377 [background-preinit] INFO  o.h.validator.internal.util.Version Ц HV000001: Hibernate Validator 8.0.1.Final
1517 [main] INFO  r.H.task22.Task22Application Ц Starting Task22Application using Java 17.0.8 with PID 10472 (C:\Users\041\Desktop\”чЄба\4_семестр\Java\JavaPatternTasks\src\ru\HollowKaeden\task22\build\classes\java\main started by 041 in C:\Users\041\Desktop\”чЄба\4_семестр\Java\JavaPatternTasks\src\ru\HollowKaeden\task22)
1519 [main] INFO  r.H.task22.Task22Application Ц No active profile set, falling back to 1 default profile: "default"
3881 [main] INFO  o.s.d.r.c.RepositoryConfigurationDelegate Ц Bootstrapping Spring Data JPA repositories in DEFAULT mode.
4030 [main] INFO  o.s.d.r.c.RepositoryConfigurationDelegate Ц Finished Spring Data repository scanning in 131 ms. Found 2 JPA repository interfaces.
5908 [main] INFO  o.s.b.w.e.tomcat.TomcatWebServer Ц Tomcat initialized with port 8080 (http)
5930 [main] INFO  o.a.coyote.http11.Http11NioProtocol Ц Initializing ProtocolHandler ["http-nio-8080"]
5935 [main] INFO  o.a.catalina.core.StandardService Ц Starting service [Tomcat]
5935 [main] INFO  o.a.catalina.core.StandardEngine Ц Starting Servlet engine: [Apache Tomcat/10.1.20]
6110 [main] INFO  o.a.c.c.C.[Tomcat].[localhost].[/] Ц Initializing Spring embedded WebApplicationContext
6112 [main] INFO  o.s.b.w.s.c.ServletWebServerApplicationContext Ц Root WebApplicationContext: initialization completed in 4491 ms
6772 [main] INFO  com.zaxxer.hikari.HikariDataSource Ц HikariPool-1 - Starting...
7166 [main] INFO  com.zaxxer.hikari.pool.HikariPool Ц HikariPool-1 - Added connection org.postgresql.jdbc.PgConnection@18bb1b88
7170 [main] INFO  com.zaxxer.hikari.HikariDataSource Ц HikariPool-1 - Start completed.
7269 [main] INFO  o.h.jpa.internal.util.LogHelper Ц HHH000204: Processing PersistenceUnitInfo [name: default]
7495 [main] INFO  org.hibernate.Version Ц HHH000412: Hibernate ORM core version 6.4.4.Final
7605 [main] INFO  o.h.c.i.RegionFactoryInitiator Ц HHH000026: Second-level cache disabled
8240 [main] INFO  o.s.o.j.p.SpringPersistenceUnitInfo Ц No LoadTimeWeaver setup: ignoring JPA class transformer
10092 [main] INFO  o.h.e.t.j.p.i.JtaPlatformInitiator Ц HHH000489: No JTA platform available (set 'hibernate.transaction.jta.platform' to enable JTA platform integration)
10238 [main] INFO  o.s.o.j.LocalContainerEntityManagerFactoryBean Ц Initialized JPA EntityManagerFactory for persistence unit 'default'
10864 [main] INFO  r.H.task22.service.AuthorService Ц Created author repository
11023 [main] INFO  r.H.task22.service.BookService Ц Created book repository
11371 [main] WARN  o.s.b.a.o.j.JpaBaseConfiguration$JpaWebConfiguration Ц spring.jpa.open-in-view is enabled by default. Therefore, database queries may be performed during view rendering. Explicitly configure spring.jpa.open-in-view to disable this warning
13083 [main] INFO  o.s.b.a.e.web.EndpointLinksResolver Ц Exposing 13 endpoint(s) beneath base path '/actuator'
13241 [main] INFO  o.a.coyote.http11.Http11NioProtocol Ц Starting ProtocolHandler ["http-nio-8080"]
13302 [main] INFO  o.s.b.w.e.tomcat.TomcatWebServer Ц Tomcat started on port 8080 (http) with context path ''
13338 [main] INFO  r.H.task22.Task22Application Ц Started Task22Application in 12.615 seconds (process running for 13.824)
52671 [scheduling-1] INFO  ru.HollowKaeden.task22.Aspect Ц 2024-05-23 00:03:00
52689 [scheduling-1] INFO  ru.HollowKaeden.task22.Aspect Ц 2024-05-23 00:03:00
52690 [scheduling-1] INFO  r.H.task22.service.BookService Ц Searched for all books
52959 [scheduling-1] ERROR r.H.task22.service.ScheduleService Ц Error occurred while writing books backup: backup\books.txt (—истеме не удаетс€ найти указанный путь)
52960 [scheduling-1] INFO  ru.HollowKaeden.task22.Aspect Ц 2024-05-23 00:03:00
52961 [scheduling-1] INFO  r.H.task22.service.AuthorService Ц Searched for all authors
52987 [scheduling-1] ERROR r.H.task22.service.ScheduleService Ц Error occurred while writing games backup: backup\authors.txt (—истеме не удаетс€ найти указанный путь)
52987 [scheduling-1] INFO  r.H.task22.service.ScheduleService Ц Backups are made: 00:03:00
1448 [background-preinit] INFO  o.h.validator.internal.util.Version Ц HV000001: Hibernate Validator 8.0.1.Final
1554 [main] INFO  r.H.task22.Task22Application Ц Starting Task22Application using Java 17.0.8 with PID 18396 (C:\Users\041\Desktop\”чЄба\4_семестр\Java\JavaPatternTasks\src\ru\HollowKaeden\task22\build\classes\java\main started by 041 in C:\Users\041\Desktop\”чЄба\4_семестр\Java\JavaPatternTasks\src\ru\HollowKaeden\task22)
1556 [main] INFO  r.H.task22.Task22Application Ц No active profile set, falling back to 1 default profile: "default"
3839 [main] INFO  o.s.d.r.c.RepositoryConfigurationDelegate Ц Bootstrapping Spring Data JPA repositories in DEFAULT mode.
4001 [main] INFO  o.s.d.r.c.RepositoryConfigurationDelegate Ц Finished Spring Data repository scanning in 141 ms. Found 2 JPA repository interfaces.
5932 [main] INFO  o.s.b.w.e.tomcat.TomcatWebServer Ц Tomcat initialized with port 8080 (http)
5953 [main] INFO  o.a.coyote.http11.Http11NioProtocol Ц Initializing ProtocolHandler ["http-nio-8080"]
5960 [main] INFO  o.a.catalina.core.StandardService Ц Starting service [Tomcat]
5960 [main] INFO  o.a.catalina.core.StandardEngine Ц Starting Servlet engine: [Apache Tomcat/10.1.20]
6155 [main] INFO  o.a.c.c.C.[Tomcat].[localhost].[/] Ц Initializing Spring embedded WebApplicationContext
6156 [main] INFO  o.s.b.w.s.c.ServletWebServerApplicationContext Ц Root WebApplicationContext: initialization completed in 4505 ms
6842 [main] INFO  com.zaxxer.hikari.HikariDataSource Ц HikariPool-1 - Starting...
7254 [main] INFO  com.zaxxer.hikari.pool.HikariPool Ц HikariPool-1 - Added connection org.postgresql.jdbc.PgConnection@4e2109fe
7258 [main] INFO  com.zaxxer.hikari.HikariDataSource Ц HikariPool-1 - Start completed.
7358 [main] INFO  o.h.jpa.internal.util.LogHelper Ц HHH000204: Processing PersistenceUnitInfo [name: default]
7557 [main] INFO  org.hibernate.Version Ц HHH000412: Hibernate ORM core version 6.4.4.Final
7683 [main] INFO  o.h.c.i.RegionFactoryInitiator Ц HHH000026: Second-level cache disabled
8281 [main] INFO  o.s.o.j.p.SpringPersistenceUnitInfo Ц No LoadTimeWeaver setup: ignoring JPA class transformer
10213 [main] INFO  o.h.e.t.j.p.i.JtaPlatformInitiator Ц HHH000489: No JTA platform available (set 'hibernate.transaction.jta.platform' to enable JTA platform integration)
10357 [main] INFO  o.s.o.j.LocalContainerEntityManagerFactoryBean Ц Initialized JPA EntityManagerFactory for persistence unit 'default'
10911 [main] INFO  r.H.task22.service.AuthorService Ц Created author repository
11049 [main] INFO  r.H.task22.service.BookService Ц Created book repository
11343 [main] WARN  o.s.b.a.o.j.JpaBaseConfiguration$JpaWebConfiguration Ц spring.jpa.open-in-view is enabled by default. Therefore, database queries may be performed during view rendering. Explicitly configure spring.jpa.open-in-view to disable this warning
12794 [main] INFO  o.s.b.a.e.web.EndpointLinksResolver Ц Exposing 13 endpoint(s) beneath base path '/actuator'
12963 [main] INFO  o.a.coyote.http11.Http11NioProtocol Ц Starting ProtocolHandler ["http-nio-8080"]
13000 [main] INFO  o.s.b.w.e.tomcat.TomcatWebServer Ц Tomcat started on port 8080 (http) with context path ''
13031 [main] INFO  r.H.task22.Task22Application Ц Started Task22Application in 12.314 seconds (process running for 13.491)
44233 [scheduling-1] INFO  ru.HollowKaeden.task22.Aspect Ц 2024-05-23 00:05:00
44244 [scheduling-1] INFO  ru.HollowKaeden.task22.Aspect Ц 2024-05-23 00:05:00
44244 [scheduling-1] INFO  r.H.task22.service.BookService Ц Searched for all books
44470 [scheduling-1] INFO  ru.HollowKaeden.task22.Aspect Ц 2024-05-23 00:05:00
44470 [scheduling-1] INFO  r.H.task22.service.AuthorService Ц Searched for all authors
44495 [scheduling-1] INFO  r.H.task22.service.ScheduleService Ц Backups are made: 00:05:00
